<?xml version="1.0" encoding="UTF-8"?>
<testng-results ignored="0" total="1" passed="1" failed="0" skipped="0">
  <reporter-output>
  </reporter-output>
  <suite started-at="2021-04-15T10:25:45 IST" name="Default Suite" finished-at="2021-04-15T10:30:16 IST" duration-ms="271216">
    <groups>
    </groups>
    <test started-at="2021-04-15T10:25:45 IST" name="Bills2U_Automation_TestNG-Bills2U" finished-at="2021-04-15T10:30:16 IST" duration-ms="271216">
      <class name="bills2u_root.Root_Class_TestNG">
        <test-method is-config="true" signature="initProcess()[pri:0, instance:bills2u_root.Root_Class_TestNG@5ffead27]" started-at="2021-04-15T10:25:45 IST" name="initProcess" finished-at="2021-04-15T10:25:54 IST" duration-ms="9137" status="PASS">
          <reporter-output>
          </reporter-output>
        </test-method> <!-- initProcess -->
        <test-method signature="DashboardTest()[pri:0, instance:bills2u_root.Root_Class_TestNG@5ffead27]" started-at="2021-04-15T10:25:54 IST" name="DashboardTest" finished-at="2021-04-15T10:30:15 IST" duration-ms="260730" status="PASS">
          <reporter-output>
          </reporter-output>
        </test-method> <!-- DashboardTest -->
        <test-method is-config="true" signature="exitProcess()[pri:0, instance:bills2u_root.Root_Class_TestNG@5ffead27]" started-at="2021-04-15T10:30:15 IST" name="exitProcess" finished-at="2021-04-15T10:30:16 IST" duration-ms="1317" status="PASS">
          <reporter-output>
          </reporter-output>
        </test-method> <!-- exitProcess -->
      </class> <!-- bills2u_root.Root_Class_TestNG -->
    </test> <!-- Bills2U_Automation_TestNG-Bills2U -->
  </suite> <!-- Default Suite -->
</testng-results>
